Treecode de idioma2:
recorrido en preorden:
ab 2
a 1
b 1
recorrido en inorden:
a 1
ab 2
b 1

Codigos de idioma2:
a 0
b 1

Codifica en idioma1 el texto:
ÀÇñÉÑ
El texto no pertenece al idioma; primer caracter que falla: Ñ

Codifica en idioma2 el texto:
abababababbbaa
01010101011100

Decodifica en idioma1 el texto:
111011100
El texto no procede de una codificacion del idioma; ultima posicion del codigo correspondiente al ultimo caracter que se podria decodificar: 8

Decodifica en idioma2 el texto:
1010101011111
bababababbbbb

Modificado idioma1

Modificado idioma1

Tabla de frecuencias de idioma1:
À 1
Ã 15
Ä 5
Ç 2
É 6
Ö 16
Ü 21
ë 4
ñ 18
ö 8
ú 11
ü 3
ÿ 4

Treecode de idioma1:
recorrido en preorden:
ÀÇüÄöñÃÖÉëÿúÜ 114
ÉëÿúÜ 46
Ü 21
Éëÿú 25
ú 11
Éëÿ 14
É 6
ëÿ 8
ë 4
ÿ 4
ÀÇüÄöñÃÖ 68
ÃÖ 31
Ã 15
Ö 16
ÀÇüÄöñ 37
ñ 18
ÀÇüÄö 19
ö 8
ÀÇüÄ 11
Ä 5
ÀÇü 6
ÀÇ 3
À 1
Ç 2
ü 3
recorrido en inorden:
Ü 21
ÉëÿúÜ 46
ú 11
Éëÿú 25
É 6
Éëÿ 14
ë 4
ëÿ 8
ÿ 4
ÀÇüÄöñÃÖÉëÿúÜ 114
Ã 15
ÃÖ 31
Ö 16
ÀÇüÄöñÃÖ 68
ñ 18
ÀÇüÄöñ 37
ö 8
ÀÇüÄö 19
Ä 5
ÀÇüÄ 11
À 1
ÀÇ 3
Ç 2
ÀÇü 6
ü 3

Codigo de Ü en idioma1:
Ü 00

